<?xml version="1.0" encoding="UTF-8"?>
<!-- Generated by org.testng.reporters.JUnitReportReporter -->
<testsuite hostname="DESKTOP-U2M77NR" failures="0" tests="1" name="Tests.Run_TestOne" time="4.259" errors="0" timestamp="2023-03-29T14:30:24 AST" skipped="0">
  <testcase classname="Tests.Run_TestOne" name="stctv_Cases" time="4.259"/>
  <system-out/>
</testsuite> <!-- Tests.Run_TestOne -->
