<?xml version="1.0" encoding="UTF-8"?>
<!-- Generated by org.testng.reporters.JUnitReportReporter -->
<testsuite hostname="DESKTOP-U2M77NR" failures="0" tests="1" name="Tests.Run_FaceBook" time="1.956" errors="0" timestamp="2022-12-26T12:02:18 AST" skipped="0">
  <testcase classname="Tests.Run_FaceBook" name="FaceBook_Actions" time="1.956"/>
  <system-out/>
</testsuite> <!-- Tests.Run_FaceBook -->
