<?xml version="1.0" encoding="UTF-8"?>
<!-- Generated by org.testng.reporters.JUnitReportReporter -->
<testsuite hostname="EGDM1-HSalem" failures="0" tests="1" name="Tests.Run_ifinadmin_smoke5002" time="9.890" errors="0" timestamp="11 Oct 2018 10:16:33 GMT" skipped="0">
  <testcase classname="Tests.Run_ifinadmin_smoke5002" name="CheckLoginAddSectors" time="9.890"/>
</testsuite> <!-- Tests.Run_ifinadmin_smoke5002 -->
